{"E:\\Gihub Projects\\SENAC-Full-Stack-A1\\main\\function.js": {"path":"E:\\Gihub Projects\\SENAC-Full-Stack-A1\\main\\function.js","all":false,"statementMap":{"0":{"start":{"line":1,"column":0},"end":{"line":1,"column":46}},"1":{"start":{"line":2,"column":0},"end":{"line":2,"column":46}},"2":{"start":{"line":3,"column":0},"end":{"line":3,"column":43}},"3":{"start":{"line":4,"column":0},"end":{"line":4,"column":80}},"4":{"start":{"line":5,"column":0},"end":{"line":5,"column":0}},"5":{"start":{"line":6,"column":0},"end":{"line":6,"column":4}},"6":{"start":{"line":7,"column":0},"end":{"line":7,"column":80}},"7":{"start":{"line":8,"column":0},"end":{"line":8,"column":0}},"8":{"start":{"line":9,"column":0},"end":{"line":9,"column":109}},"9":{"start":{"line":10,"column":0},"end":{"line":10,"column":22}},"10":{"start":{"line":11,"column":0},"end":{"line":11,"column":89}},"11":{"start":{"line":12,"column":0},"end":{"line":12,"column":24}},"12":{"start":{"line":13,"column":0},"end":{"line":13,"column":84}},"13":{"start":{"line":14,"column":0},"end":{"line":14,"column":24}},"14":{"start":{"line":15,"column":0},"end":{"line":15,"column":12}},"15":{"start":{"line":16,"column":0},"end":{"line":16,"column":25}},"16":{"start":{"line":17,"column":0},"end":{"line":17,"column":5}},"17":{"start":{"line":18,"column":0},"end":{"line":18,"column":1}}},"s":{"0":1,"1":7,"2":7,"3":7,"4":7,"5":7,"6":7,"7":3,"8":7,"9":0,"10":7,"11":1,"12":3,"13":1,"14":1,"15":1,"16":1,"17":7},"branchMap":{"0":{"type":"branch","line":1,"loc":{"start":{"line":1,"column":7},"end":{"line":18,"column":1}},"locations":[{"start":{"line":1,"column":7},"end":{"line":18,"column":1}}]},"1":{"type":"branch","line":7,"loc":{"start":{"line":7,"column":21},"end":{"line":7,"column":44}},"locations":[{"start":{"line":7,"column":21},"end":{"line":7,"column":44}}]},"2":{"type":"branch","line":7,"loc":{"start":{"line":7,"column":44},"end":{"line":7,"column":64}},"locations":[{"start":{"line":7,"column":44},"end":{"line":7,"column":64}}]},"3":{"type":"branch","line":7,"loc":{"start":{"line":7,"column":66},"end":{"line":7,"column":80}},"locations":[{"start":{"line":7,"column":66},"end":{"line":7,"column":80}}]},"4":{"type":"branch","line":7,"loc":{"start":{"line":7,"column":79},"end":{"line":9,"column":30}},"locations":[{"start":{"line":7,"column":79},"end":{"line":9,"column":30}}]},"5":{"type":"branch","line":9,"loc":{"start":{"line":9,"column":25},"end":{"line":9,"column":55}},"locations":[{"start":{"line":9,"column":25},"end":{"line":9,"column":55}}]},"6":{"type":"branch","line":9,"loc":{"start":{"line":9,"column":55},"end":{"line":9,"column":106}},"locations":[{"start":{"line":9,"column":55},"end":{"line":9,"column":106}}]},"7":{"type":"branch","line":9,"loc":{"start":{"line":9,"column":76},"end":{"line":9,"column":91}},"locations":[{"start":{"line":9,"column":76},"end":{"line":9,"column":91}}]},"8":{"type":"branch","line":9,"loc":{"start":{"line":9,"column":91},"end":{"line":9,"column":106}},"locations":[{"start":{"line":9,"column":91},"end":{"line":9,"column":106}}]},"9":{"type":"branch","line":9,"loc":{"start":{"line":9,"column":108},"end":{"line":11,"column":5}},"locations":[{"start":{"line":9,"column":108},"end":{"line":11,"column":5}}]},"10":{"type":"branch","line":11,"loc":{"start":{"line":11,"column":5},"end":{"line":17,"column":5}},"locations":[{"start":{"line":11,"column":5},"end":{"line":17,"column":5}}]},"11":{"type":"branch","line":11,"loc":{"start":{"line":11,"column":55},"end":{"line":11,"column":71}},"locations":[{"start":{"line":11,"column":55},"end":{"line":11,"column":71}}]},"12":{"type":"branch","line":11,"loc":{"start":{"line":11,"column":71},"end":{"line":11,"column":86}},"locations":[{"start":{"line":11,"column":71},"end":{"line":11,"column":86}}]},"13":{"type":"branch","line":11,"loc":{"start":{"line":11,"column":88},"end":{"line":13,"column":5}},"locations":[{"start":{"line":11,"column":88},"end":{"line":13,"column":5}}]},"14":{"type":"branch","line":13,"loc":{"start":{"line":13,"column":5},"end":{"line":17,"column":5}},"locations":[{"start":{"line":13,"column":5},"end":{"line":17,"column":5}}]},"15":{"type":"branch","line":13,"loc":{"start":{"line":13,"column":61},"end":{"line":13,"column":81}},"locations":[{"start":{"line":13,"column":61},"end":{"line":13,"column":81}}]},"16":{"type":"branch","line":13,"loc":{"start":{"line":13,"column":83},"end":{"line":17,"column":5}},"locations":[{"start":{"line":13,"column":83},"end":{"line":17,"column":5}}]}},"b":{"0":[7],"1":[6],"2":[5],"3":[4],"4":[3],"5":[0],"6":[3],"7":[0],"8":[0],"9":[0],"10":[3],"11":[1],"12":[1],"13":[1],"14":[2],"15":[1],"16":[1]},"fnMap":{"0":{"name":"checkPasswordStrength","decl":{"start":{"line":1,"column":7},"end":{"line":18,"column":1}},"loc":{"start":{"line":1,"column":7},"end":{"line":18,"column":1}},"line":1}},"f":{"0":7}}
}
