{"E:\\Gihub Projects\\SENAC-Full-Stack-A1\\main\\function.js": {"path":"E:\\Gihub Projects\\SENAC-Full-Stack-A1\\main\\function.js","all":false,"statementMap":{"0":{"start":{"line":1,"column":0},"end":{"line":1,"column":46}},"1":{"start":{"line":2,"column":0},"end":{"line":2,"column":46}},"2":{"start":{"line":3,"column":0},"end":{"line":3,"column":43}},"3":{"start":{"line":4,"column":0},"end":{"line":4,"column":80}},"4":{"start":{"line":5,"column":0},"end":{"line":5,"column":0}},"5":{"start":{"line":6,"column":0},"end":{"line":6,"column":24}},"6":{"start":{"line":7,"column":0},"end":{"line":7,"column":98}},"7":{"start":{"line":8,"column":0},"end":{"line":8,"column":58}},"8":{"start":{"line":9,"column":0},"end":{"line":9,"column":0}},"9":{"start":{"line":10,"column":0},"end":{"line":10,"column":115}},"10":{"start":{"line":11,"column":0},"end":{"line":11,"column":113}},"11":{"start":{"line":12,"column":0},"end":{"line":12,"column":0}},"12":{"start":{"line":13,"column":0},"end":{"line":13,"column":142}},"13":{"start":{"line":14,"column":0},"end":{"line":14,"column":0}},"14":{"start":{"line":15,"column":0},"end":{"line":15,"column":110}},"15":{"start":{"line":16,"column":0},"end":{"line":16,"column":203}},"16":{"start":{"line":17,"column":0},"end":{"line":17,"column":108}},"17":{"start":{"line":18,"column":0},"end":{"line":18,"column":6}},"18":{"start":{"line":19,"column":0},"end":{"line":19,"column":0}},"19":{"start":{"line":20,"column":0},"end":{"line":20,"column":41}},"20":{"start":{"line":21,"column":0},"end":{"line":21,"column":32}},"21":{"start":{"line":22,"column":0},"end":{"line":22,"column":36}},"22":{"start":{"line":23,"column":0},"end":{"line":23,"column":9}},"23":{"start":{"line":24,"column":0},"end":{"line":24,"column":5}},"24":{"start":{"line":25,"column":0},"end":{"line":25,"column":0}},"25":{"start":{"line":26,"column":0},"end":{"line":26,"column":21}},"26":{"start":{"line":27,"column":0},"end":{"line":27,"column":1}}},"s":{"0":1,"1":16,"2":16,"3":16,"4":16,"5":16,"6":16,"7":16,"8":16,"9":16,"10":16,"11":16,"12":16,"13":16,"14":16,"15":16,"16":16,"17":16,"18":16,"19":16,"20":67,"21":16,"22":16,"23":67,"24":0,"25":0,"26":0},"branchMap":{"0":{"type":"branch","line":1,"loc":{"start":{"line":1,"column":7},"end":{"line":27,"column":1}},"locations":[{"start":{"line":1,"column":7},"end":{"line":27,"column":1}}]},"1":{"type":"branch","line":20,"loc":{"start":{"line":20,"column":40},"end":{"line":24,"column":5}},"locations":[{"start":{"line":20,"column":40},"end":{"line":24,"column":5}}]},"2":{"type":"branch","line":21,"loc":{"start":{"line":21,"column":31},"end":{"line":23,"column":9}},"locations":[{"start":{"line":21,"column":31},"end":{"line":23,"column":9}}]},"3":{"type":"branch","line":24,"loc":{"start":{"line":24,"column":4},"end":{"line":27,"column":1}},"locations":[{"start":{"line":24,"column":4},"end":{"line":27,"column":1}}]},"4":{"type":"branch","line":7,"loc":{"start":{"line":7,"column":17},"end":{"line":7,"column":76}},"locations":[{"start":{"line":7,"column":17},"end":{"line":7,"column":76}}]},"5":{"type":"branch","line":7,"loc":{"start":{"line":7,"column":37},"end":{"line":7,"column":60}},"locations":[{"start":{"line":7,"column":37},"end":{"line":7,"column":60}}]},"6":{"type":"branch","line":7,"loc":{"start":{"line":7,"column":60},"end":{"line":7,"column":76}},"locations":[{"start":{"line":7,"column":60},"end":{"line":7,"column":76}}]},"7":{"type":"branch","line":8,"loc":{"start":{"line":8,"column":17},"end":{"line":8,"column":39}},"locations":[{"start":{"line":8,"column":17},"end":{"line":8,"column":39}}]},"8":{"type":"branch","line":10,"loc":{"start":{"line":10,"column":17},"end":{"line":10,"column":94}},"locations":[{"start":{"line":10,"column":17},"end":{"line":10,"column":94}}]},"9":{"type":"branch","line":10,"loc":{"start":{"line":10,"column":63},"end":{"line":10,"column":79}},"locations":[{"start":{"line":10,"column":63},"end":{"line":10,"column":79}}]},"10":{"type":"branch","line":10,"loc":{"start":{"line":10,"column":79},"end":{"line":10,"column":94}},"locations":[{"start":{"line":10,"column":79},"end":{"line":10,"column":94}}]},"11":{"type":"branch","line":11,"loc":{"start":{"line":11,"column":17},"end":{"line":11,"column":94}},"locations":[{"start":{"line":11,"column":17},"end":{"line":11,"column":94}}]},"12":{"type":"branch","line":11,"loc":{"start":{"line":11,"column":63},"end":{"line":11,"column":94}},"locations":[{"start":{"line":11,"column":63},"end":{"line":11,"column":94}}]},"13":{"type":"branch","line":11,"loc":{"start":{"line":11,"column":79},"end":{"line":11,"column":93}},"locations":[{"start":{"line":11,"column":79},"end":{"line":11,"column":93}}]},"14":{"type":"branch","line":13,"loc":{"start":{"line":13,"column":17},"end":{"line":13,"column":123}},"locations":[{"start":{"line":13,"column":17},"end":{"line":13,"column":123}}]},"15":{"type":"branch","line":13,"loc":{"start":{"line":13,"column":40},"end":{"line":13,"column":70}},"locations":[{"start":{"line":13,"column":40},"end":{"line":13,"column":70}}]},"16":{"type":"branch","line":13,"loc":{"start":{"line":13,"column":92},"end":{"line":13,"column":107}},"locations":[{"start":{"line":13,"column":92},"end":{"line":13,"column":107}}]},"17":{"type":"branch","line":13,"loc":{"start":{"line":13,"column":107},"end":{"line":13,"column":123}},"locations":[{"start":{"line":13,"column":107},"end":{"line":13,"column":123}}]},"18":{"type":"branch","line":15,"loc":{"start":{"line":15,"column":17},"end":{"line":15,"column":89}},"locations":[{"start":{"line":15,"column":17},"end":{"line":15,"column":89}}]},"19":{"type":"branch","line":15,"loc":{"start":{"line":15,"column":55},"end":{"line":15,"column":69}},"locations":[{"start":{"line":15,"column":55},"end":{"line":15,"column":69}}]},"20":{"type":"branch","line":15,"loc":{"start":{"line":15,"column":69},"end":{"line":15,"column":89}},"locations":[{"start":{"line":15,"column":69},"end":{"line":15,"column":89}}]},"21":{"type":"branch","line":16,"loc":{"start":{"line":16,"column":17},"end":{"line":16,"column":182}},"locations":[{"start":{"line":16,"column":17},"end":{"line":16,"column":182}}]},"22":{"type":"branch","line":16,"loc":{"start":{"line":16,"column":55},"end":{"line":16,"column":70}},"locations":[{"start":{"line":16,"column":55},"end":{"line":16,"column":70}}]},"23":{"type":"branch","line":16,"loc":{"start":{"line":16,"column":70},"end":{"line":16,"column":126}},"locations":[{"start":{"line":16,"column":70},"end":{"line":16,"column":126}}]},"24":{"type":"branch","line":16,"loc":{"start":{"line":16,"column":106},"end":{"line":16,"column":126}},"locations":[{"start":{"line":16,"column":106},"end":{"line":16,"column":126}}]},"25":{"type":"branch","line":16,"loc":{"start":{"line":16,"column":126},"end":{"line":16,"column":182}},"locations":[{"start":{"line":16,"column":126},"end":{"line":16,"column":182}}]},"26":{"type":"branch","line":16,"loc":{"start":{"line":16,"column":162},"end":{"line":16,"column":182}},"locations":[{"start":{"line":16,"column":162},"end":{"line":16,"column":182}}]},"27":{"type":"branch","line":17,"loc":{"start":{"line":17,"column":17},"end":{"line":17,"column":89}},"locations":[{"start":{"line":17,"column":17},"end":{"line":17,"column":89}}]},"28":{"type":"branch","line":17,"loc":{"start":{"line":17,"column":55},"end":{"line":17,"column":69}},"locations":[{"start":{"line":17,"column":55},"end":{"line":17,"column":69}}]},"29":{"type":"branch","line":17,"loc":{"start":{"line":17,"column":69},"end":{"line":17,"column":88}},"locations":[{"start":{"line":17,"column":69},"end":{"line":17,"column":88}}]}},"b":{"0":[16],"1":[67],"2":[16],"3":[0],"4":[16],"5":[15],"6":[14],"7":[13],"8":[10],"9":[4],"10":[2],"11":[9],"12":[3],"13":[2],"14":[6],"15":[0],"16":[0],"17":[0],"18":[6],"19":[4],"20":[2],"21":[5],"22":[3],"23":[4],"24":[2],"25":[3],"26":[1],"27":[2],"28":[1],"29":[1]},"fnMap":{"0":{"name":"checkPasswordStrength","decl":{"start":{"line":1,"column":7},"end":{"line":27,"column":1}},"loc":{"start":{"line":1,"column":7},"end":{"line":27,"column":1}},"line":1},"1":{"name":"check","decl":{"start":{"line":7,"column":17},"end":{"line":7,"column":76}},"loc":{"start":{"line":7,"column":17},"end":{"line":7,"column":76}},"line":7},"2":{"name":"check","decl":{"start":{"line":8,"column":17},"end":{"line":8,"column":39}},"loc":{"start":{"line":8,"column":17},"end":{"line":8,"column":39}},"line":8},"3":{"name":"check","decl":{"start":{"line":10,"column":17},"end":{"line":10,"column":94}},"loc":{"start":{"line":10,"column":17},"end":{"line":10,"column":94}},"line":10},"4":{"name":"check","decl":{"start":{"line":11,"column":17},"end":{"line":11,"column":94}},"loc":{"start":{"line":11,"column":17},"end":{"line":11,"column":94}},"line":11},"5":{"name":"check","decl":{"start":{"line":13,"column":17},"end":{"line":13,"column":123}},"loc":{"start":{"line":13,"column":17},"end":{"line":13,"column":123}},"line":13},"6":{"name":"check","decl":{"start":{"line":15,"column":17},"end":{"line":15,"column":89}},"loc":{"start":{"line":15,"column":17},"end":{"line":15,"column":89}},"line":15},"7":{"name":"check","decl":{"start":{"line":16,"column":17},"end":{"line":16,"column":182}},"loc":{"start":{"line":16,"column":17},"end":{"line":16,"column":182}},"line":16},"8":{"name":"check","decl":{"start":{"line":17,"column":17},"end":{"line":17,"column":89}},"loc":{"start":{"line":17,"column":17},"end":{"line":17,"column":89}},"line":17}},"f":{"0":16,"1":16,"2":13,"3":10,"4":9,"5":6,"6":6,"7":5,"8":2}}
}
