TN:
SF:main\function.js
FN:1,checkPasswordStrength
FNF:1
FNH:1
FNDA:7,checkPasswordStrength
DA:1,1
DA:2,7
DA:3,7
DA:4,7
DA:5,7
DA:6,7
DA:7,7
DA:8,3
DA:9,7
DA:10,0
DA:11,7
DA:12,1
DA:13,3
DA:14,1
DA:15,1
DA:16,1
DA:17,1
DA:18,7
LF:18
LH:17
BRDA:1,0,0,7
BRDA:7,1,0,6
BRDA:7,2,0,5
BRDA:7,3,0,4
BRDA:7,4,0,3
BRDA:9,5,0,0
BRDA:9,6,0,3
BRDA:9,7,0,0
BRDA:9,8,0,0
BRDA:9,9,0,0
BRDA:11,10,0,3
BRDA:11,11,0,1
BRDA:11,12,0,1
BRDA:11,13,0,1
BRDA:13,14,0,2
BRDA:13,15,0,1
BRDA:13,16,0,1
BRF:17
BRH:13
end_of_record
