TN:
SF:main\function.js
FN:1,checkPasswordStrength
FN:7,check
FN:8,check
FN:10,check
FN:11,check
FN:13,check
FN:15,check
FN:16,check
FN:17,check
FNF:9
FNH:9
FNDA:16,checkPasswordStrength
FNDA:16,check
FNDA:13,check
FNDA:10,check
FNDA:9,check
FNDA:6,check
FNDA:6,check
FNDA:5,check
FNDA:2,check
DA:1,1
DA:2,16
DA:3,16
DA:4,16
DA:5,16
DA:6,16
DA:7,16
DA:8,16
DA:9,16
DA:10,16
DA:11,16
DA:12,16
DA:13,16
DA:14,16
DA:15,16
DA:16,16
DA:17,16
DA:18,16
DA:19,16
DA:20,16
DA:21,67
DA:22,16
DA:23,16
DA:24,67
DA:25,0
DA:26,0
DA:27,0
LF:27
LH:24
BRDA:1,0,0,16
BRDA:20,1,0,67
BRDA:21,2,0,16
BRDA:24,3,0,0
BRDA:7,4,0,16
BRDA:7,5,0,15
BRDA:7,6,0,14
BRDA:8,7,0,13
BRDA:10,8,0,10
BRDA:10,9,0,4
BRDA:10,10,0,2
BRDA:11,11,0,9
BRDA:11,12,0,3
BRDA:11,13,0,2
BRDA:13,14,0,6
BRDA:13,15,0,0
BRDA:13,16,0,0
BRDA:13,17,0,0
BRDA:15,18,0,6
BRDA:15,19,0,4
BRDA:15,20,0,2
BRDA:16,21,0,5
BRDA:16,22,0,3
BRDA:16,23,0,4
BRDA:16,24,0,2
BRDA:16,25,0,3
BRDA:16,26,0,1
BRDA:17,27,0,2
BRDA:17,28,0,1
BRDA:17,29,0,1
BRF:30
BRH:26
end_of_record
